\BOOKMARK [0][-]{chapter*.2}{\376\377\000G\000r\000i\000d\000s\000\040\000a\000n\000d\000\040\000N\000u\000m\000e\000r\000i\000c\000a\000l\000\040\000D\000e\000r\000i\000v\000a\000t\000i\000v\000e\000s}{}% 1
\BOOKMARK [1][-]{section*.3}{\376\377\000I\000n\000t\000r\000o\000d\000u\000c\000t\000i\000o\000n\000\040\000t\000o\000\040\000P\000y\000t\000h\000o\000n}{chapter*.2}% 2
\BOOKMARK [1][-]{section*.3}{\376\377\000S\000p\000a\000t\000i\000a\000l\000\040\000g\000r\000i\000d\000s}{chapter*.2}% 3
\BOOKMARK [1][-]{figure.0.3}{\376\377\000I\000n\000t\000e\000r\000p\000o\000l\000a\000t\000i\000o\000n\000\040\000a\000n\000d\000\040\000e\000x\000t\000r\000a\000p\000o\000l\000a\000t\000i\000o\000n}{chapter*.2}% 4
\BOOKMARK [1][-]{equation.0.0.3}{\376\377\000D\000e\000r\000i\000v\000a\000t\000i\000v\000e\000s\000\040\000o\000n\000\040\000g\000r\000i\000d\000s}{chapter*.2}% 5
\BOOKMARK [1][-]{figure.0.6}{\376\377\000E\000r\000r\000o\000r\000s\000\040\000i\000n\000\040\000t\000h\000e\000\040\000a\000p\000p\000r\000o\000x\000i\000m\000a\000t\000e\000\040\000d\000e\000r\000i\000v\000a\000t\000i\000v\000e\000\040\000f\000o\000r\000m\000u\000l\000a\000s}{chapter*.2}% 6
\BOOKMARK [0][-]{chapter*.4}{\376\377\000D\000i\000f\000f\000e\000r\000e\000n\000t\000i\000a\000l\000\040\000E\000q\000u\000a\000t\000i\000o\000n\000s\000\040\000w\000i\000t\000h\000\040\000B\000o\000u\000n\000d\000a\000r\000y\000\040\000C\000o\000n\000d\000i\000t\000i\000o\000n\000s}{}% 7
\BOOKMARK [1][-]{section*.5}{\376\377\000M\000o\000r\000e\000\040\000P\000y\000t\000h\000o\000n}{chapter*.4}% 8
\BOOKMARK [1][-]{section*.5}{\376\377\000I\000n\000i\000t\000i\000a\000l\000\040\000c\000o\000n\000d\000i\000t\000i\000o\000n\000s\000\040\000v\000s\000.\000\040\000b\000o\000u\000n\000d\000a\000r\000y\000\040\000c\000o\000n\000d\000i\000t\000i\000o\000n\000s}{chapter*.4}% 9
\BOOKMARK [1][-]{section*.5}{\376\377\000S\000o\000l\000v\000i\000n\000g\000\040\000d\000i\000f\000f\000e\000r\000e\000n\000t\000i\000a\000l\000\040\000e\000q\000u\000a\000t\000i\000o\000n\000s\000\040\000w\000i\000t\000h\000\040\000l\000i\000n\000e\000a\000r\000\040\000a\000l\000g\000e\000b\000r\000a}{chapter*.4}% 10
\BOOKMARK [1][-]{lstnumber.-9.2}{\376\377\000D\000e\000r\000i\000v\000a\000t\000i\000v\000e\000\040\000b\000o\000u\000n\000d\000a\000r\000y\000\040\000c\000o\000n\000d\000i\000t\000i\000o\000n\000s}{chapter*.4}% 11
\BOOKMARK [1][-]{lstnumber.-10.1}{\376\377\000N\000o\000n\000l\000i\000n\000e\000a\000r\000\040\000d\000i\000f\000f\000e\000r\000e\000n\000t\000i\000a\000l\000\040\000e\000q\000u\000a\000t\000i\000o\000n\000s}{chapter*.4}% 12
\BOOKMARK [0][-]{chapter*.6}{\376\377\000T\000h\000e\000\040\000W\000a\000v\000e\000\040\000E\000q\000u\000a\000t\000i\000o\000n\000:\000\040\000S\000t\000e\000a\000d\000y\000\040\000S\000t\000a\000t\000e\000\040\000a\000n\000d\000\040\000R\000e\000s\000o\000n\000a\000n\000c\000e}{}% 13
\BOOKMARK [1][-]{section*.7}{\376\377\000P\000y\000t\000h\000o\000n\000\040\000M\000e\000c\000h\000a\000n\000i\000c\000s}{chapter*.6}% 14
\BOOKMARK [1][-]{section*.7}{\376\377\000W\000a\000v\000e\000\040\000E\000q\000u\000a\000t\000i\000o\000n}{chapter*.6}% 15
\BOOKMARK [1][-]{equation.0.0.26}{\376\377\000S\000t\000e\000a\000d\000y\000\040\000s\000t\000a\000t\000e\000\040\000s\000o\000l\000u\000t\000i\000o\000n\000\040\000b\000y\000\040\000s\000e\000p\000a\000r\000a\000t\000i\000o\000n\000\040\000o\000f\000\040\000v\000a\000r\000i\000a\000b\000l\000e\000s}{chapter*.6}% 16
\BOOKMARK [1][-]{Item.20}{\376\377\000R\000e\000s\000o\000n\000a\000n\000c\000e\000\040\000a\000n\000d\000\040\000t\000h\000e\000\040\000e\000i\000g\000e\000n\000v\000a\000l\000u\000e\000\040\000p\000r\000o\000b\000l\000e\000m}{chapter*.6}% 17
\BOOKMARK [0][-]{chapter*.8}{\376\377\000T\000h\000e\000\040\000H\000a\000n\000g\000i\000n\000g\000\040\000C\000h\000a\000i\000n\000\040\000a\000n\000d\000\040\000Q\000u\000a\000n\000t\000u\000m\000\040\000B\000o\000u\000n\000d\000\040\000S\000t\000a\000t\000e\000s}{}% 18
\BOOKMARK [1][-]{section*.9}{\376\377\000R\000e\000s\000o\000n\000a\000n\000c\000e\000\040\000f\000o\000r\000\040\000a\000\040\000h\000a\000n\000g\000i\000n\000g\000\040\000c\000h\000a\000i\000n}{chapter*.8}% 19
\BOOKMARK [1][-]{Item.32}{\376\377\000Q\000u\000a\000n\000t\000u\000m\000\040\000b\000o\000u\000n\000d\000\040\000s\000t\000a\000t\000e\000s}{chapter*.8}% 20
\BOOKMARK [0][-]{chapter*.10}{\376\377\000A\000n\000i\000m\000a\000t\000i\000n\000g\000\040\000t\000h\000e\000\040\000W\000a\000v\000e\000\040\000E\000q\000u\000a\000t\000i\000o\000n\000:\000\040\000S\000t\000a\000g\000g\000e\000r\000e\000d\000\040\000L\000e\000a\000p\000f\000r\000o\000g}{}% 21
\BOOKMARK [1][-]{section*.11}{\376\377\000T\000h\000e\000\040\000w\000a\000v\000e\000\040\000e\000q\000u\000a\000t\000i\000o\000n\000\040\000w\000i\000t\000h\000\040\000s\000t\000a\000g\000g\000e\000r\000e\000d\000\040\000l\000e\000a\000p\000f\000r\000o\000g}{chapter*.10}% 22
\BOOKMARK [1][-]{Item.40}{\376\377\000T\000h\000e\000\040\000d\000a\000m\000p\000e\000d\000\040\000w\000a\000v\000e\000\040\000e\000q\000u\000a\000t\000i\000o\000n}{chapter*.10}% 23
\BOOKMARK [1][-]{figure.0.29}{\376\377\000T\000h\000e\000\040\000d\000a\000m\000p\000e\000d\000\040\000a\000n\000d\000\040\000d\000r\000i\000v\000e\000n\000\040\000w\000a\000v\000e\000\040\000e\000q\000u\000a\000t\000i\000o\000n}{chapter*.10}% 24
\BOOKMARK [0][-]{chapter*.12}{\376\377\000T\000h\000e\000\040\0002\000-\000D\000\040\000W\000a\000v\000e\000\040\000E\000q\000u\000a\000t\000i\000o\000n\000\040\000W\000i\000t\000h\000\040\000S\000t\000a\000g\000g\000e\000r\000e\000d\000\040\000L\000e\000a\000p\000f\000r\000o\000g}{}% 25
\BOOKMARK [1][-]{section*.13}{\376\377\000T\000w\000o\000\040\000d\000i\000m\000e\000n\000s\000i\000o\000n\000a\000l\000\040\000g\000r\000i\000d\000s}{chapter*.12}% 26
\BOOKMARK [1][-]{equation.0.0.76}{\376\377\000T\000h\000e\000\040\000t\000w\000o\000-\000d\000i\000m\000e\000n\000s\000i\000o\000n\000a\000l\000\040\000w\000a\000v\000e\000\040\000e\000q\000u\000a\000t\000i\000o\000n}{chapter*.12}% 27
\BOOKMARK [1][-]{Item.51}{\376\377\000E\000l\000l\000i\000p\000t\000i\000c\000,\000\040\000h\000y\000p\000e\000r\000b\000o\000l\000i\000c\000,\000\040\000a\000n\000d\000\040\000p\000a\000r\000a\000b\000o\000l\000i\000c\000\040\000P\000D\000E\000s}{chapter*.12}% 28
\BOOKMARK [0][-]{chapter*.14}{\376\377\000T\000h\000e\000\040\000D\000i\000f\000f\000u\000s\000i\000o\000n\000\040\000E\000q\000u\000a\000t\000i\000o\000n\000\040\000a\000n\000d\000\040\000I\000m\000p\000l\000i\000c\000i\000t\000\040\000M\000e\000t\000h\000o\000d\000s}{}% 29
\BOOKMARK [1][-]{section*.15}{\376\377\000A\000n\000a\000l\000y\000t\000i\000c\000\040\000a\000p\000p\000r\000o\000a\000c\000h\000\040\000t\000o\000\040\000t\000h\000e\000\040\000D\000i\000f\000f\000u\000s\000i\000o\000n\000\040\000E\000q\000u\000a\000t\000i\000o\000n}{chapter*.14}% 30
\BOOKMARK [1][-]{equation.0.0.97}{\376\377\000N\000u\000m\000e\000r\000i\000c\000a\000l\000\040\000a\000p\000p\000r\000o\000a\000c\000h\000:\000\040\000a\000\040\000f\000i\000r\000s\000t\000\040\000t\000r\000y}{chapter*.14}% 31
\BOOKMARK [1][-]{figure.0.35}{\376\377\000I\000m\000p\000l\000i\000c\000i\000t\000\040\000M\000e\000t\000h\000o\000d\000s\000:\000\040\000t\000h\000e\000\040\000C\000r\000a\000n\000k\000-\000N\000i\000c\000o\000l\000s\000o\000n\000\040\000A\000l\000g\000o\000r\000i\000t\000h\000m}{chapter*.14}% 32
\BOOKMARK [1][-]{figure.0.38}{\376\377\000T\000h\000e\000\040\000d\000i\000f\000f\000u\000s\000i\000o\000n\000\040\000e\000q\000u\000a\000t\000i\000o\000n\000\040\000w\000i\000t\000h\000\040\000C\000r\000a\000n\000k\000-\000N\000i\000c\000o\000l\000s\000o\000n}{chapter*.14}% 33
\BOOKMARK [0][-]{chapter*.16}{\376\377\000S\000c\000h\000r\000\366\000d\000i\000n\000g\000e\000r\000'\000s\000\040\000E\000q\000u\000a\000t\000i\000o\000n}{}% 34
\BOOKMARK [1][-]{section*.17}{\376\377\000D\000e\000r\000i\000v\000a\000t\000i\000o\000n\000s}{chapter*.16}% 35
\BOOKMARK [1][-]{figure.0.43}{\376\377\000P\000a\000r\000t\000i\000c\000l\000e\000\040\000i\000n\000\040\000a\000\040\000b\000o\000x}{chapter*.16}% 36
\BOOKMARK [1][-]{Item.67}{\376\377\000T\000u\000n\000n\000e\000l\000i\000n\000g}{chapter*.16}% 37
\BOOKMARK [0][-]{chapter*.18}{\376\377\000P\000o\000i\000s\000s\000o\000n\000'\000s\000\040\000E\000q\000u\000a\000t\000i\000o\000n\000:\000\040\000I\000t\000e\000r\000a\000t\000i\000o\000n\000\040\000M\000e\000t\000h\000o\000d\000s}{}% 38
\BOOKMARK [1][-]{equation.0.0.127}{\376\377\000F\000i\000n\000i\000t\000e\000\040\000d\000i\000f\000f\000e\000r\000e\000n\000c\000e\000\040\000f\000o\000r\000m}{chapter*.18}% 39
\BOOKMARK [1][-]{equation.0.0.128}{\376\377\000I\000t\000e\000r\000a\000t\000i\000o\000n\000\040\000m\000e\000t\000h\000o\000d\000\040\000o\000n\000\040\000a\000\040\000s\000i\000m\000p\000l\000e\000\040\000e\000x\000a\000m\000p\000l\000e}{chapter*.18}% 40
\BOOKMARK [1][-]{equation.0.0.132}{\376\377\000I\000t\000e\000r\000a\000t\000i\000o\000n\000\040\000m\000e\000t\000h\000o\000d\000\040\000o\000n\000\040\000P\000o\000i\000s\000s\000o\000n\000'\000s\000\040\000e\000q\000u\000a\000t\000i\000o\000n}{chapter*.18}% 41
\BOOKMARK [1][-]{lstnumber.-26.52}{\376\377\000S\000u\000c\000c\000e\000s\000s\000i\000v\000e\000\040\000o\000v\000e\000r\000-\000r\000e\000l\000a\000x\000a\000t\000i\000o\000n}{chapter*.18}% 42
\BOOKMARK [1][-]{figure.0.47}{\376\377\000S\000o\000m\000e\000\040\000D\000i\000f\000f\000e\000r\000e\000n\000t\000\040\000G\000e\000o\000m\000e\000t\000r\000i\000e\000s}{chapter*.18}% 43
\BOOKMARK [0][-]{chapter*.19}{\376\377\000T\000h\000e\000\040\000C\000o\000n\000t\000i\000n\000u\000i\000t\000y\000\040\000E\000q\000u\000a\000t\000i\000o\000n}{}% 44
\BOOKMARK [1][-]{section*.20}{\376\377\000T\000h\000e\000\040\000C\000o\000n\000t\000i\000n\000u\000i\000t\000y\000\040\000E\000q\000u\000a\000t\000i\000o\000n}{chapter*.19}% 45
\BOOKMARK [1][-]{equation.0.0.154}{\376\377\000C\000r\000a\000n\000k\000-\000N\000i\000c\000o\000l\000s\000o\000n\000\040\000A\000g\000a\000i\000n}{chapter*.19}% 46
\BOOKMARK [0][-]{chapter*.21}{\376\377\000O\000n\000e\000\040\000D\000i\000m\000e\000n\000s\000i\000o\000n\000a\000l\000\040\000G\000a\000s\000\040\000D\000y\000n\000a\000m\000i\000c\000s}{}% 47
\BOOKMARK [1][-]{section*.22}{\376\377\000S\000i\000m\000u\000l\000t\000a\000n\000e\000o\000u\000s\000l\000y\000\040\000a\000d\000v\000a\000n\000c\000i\000n\000g\000\040\000,\000\040\000T\000\040\000,\000\040\000a\000n\000d\000\040\000v}{chapter*.21}% 48
\BOOKMARK [1][-]{equation.0.0.167}{\376\377\000C\000o\000n\000t\000i\000n\000u\000i\000t\000y\000\040\000E\000q\000u\000a\000t\000i\000o\000n}{chapter*.21}% 49
\BOOKMARK [1][-]{equation.0.0.174}{\376\377\000C\000o\000n\000s\000e\000r\000v\000a\000t\000i\000o\000n\000\040\000o\000f\000\040\000e\000n\000e\000r\000g\000y}{chapter*.21}% 50
\BOOKMARK [1][-]{equation.0.0.183}{\376\377\000N\000e\000w\000t\000o\000n\000'\000s\000\040\000s\000e\000c\000o\000n\000d\000\040\000l\000a\000w}{chapter*.21}% 51
\BOOKMARK [1][-]{equation.0.0.190}{\376\377\000W\000a\000v\000e\000s\000\040\000i\000n\000\040\000a\000\040\000c\000l\000o\000s\000e\000d\000\040\000t\000u\000b\000e}{chapter*.21}% 52
\BOOKMARK [0][-]{chapter*.23}{\376\377\000S\000o\000l\000i\000t\000o\000n\000s\000:\000\040\000K\000o\000r\000t\000e\000w\000e\000g\000-\000d\000e\000V\000r\000i\000e\000s\000\040\000E\000q\000u\000a\000t\000i\000o\000n}{}% 53
\BOOKMARK [1][-]{equation.0.0.195}{\376\377\000N\000u\000m\000e\000r\000i\000c\000a\000l\000\040\000s\000o\000l\000u\000t\000i\000o\000n\000\040\000f\000o\000r\000\040\000t\000h\000e\000\040\000K\000o\000r\000t\000e\000w\000e\000g\000-\000d\000e\000V\000r\000i\000e\000s\000\040\000e\000q\000u\000a\000t\000i\000o\000n}{chapter*.23}% 54
\BOOKMARK [1][-]{equation.0.0.207}{\376\377\000S\000o\000l\000i\000t\000o\000n\000s}{chapter*.23}% 55
\BOOKMARK [0][-]{chapter*.24}{\376\377\000M\000a\000c\000h\000i\000n\000e\000\040\000L\000e\000a\000r\000n\000i\000n\000g\000\040\000w\000i\000t\000h\000\040\000N\000e\000u\000r\000a\000l\000\040\000N\000e\000t\000w\000o\000r\000k\000s}{}% 56
\BOOKMARK [1][-]{section*.25}{\376\377\000M\000a\000c\000h\000i\000n\000e\000\040\000L\000e\000a\000r\000n\000i\000n\000g\000\040\000T\000e\000r\000m\000i\000n\000o\000l\000o\000g\000y}{chapter*.24}% 57
\BOOKMARK [1][-]{section*.25}{\376\377\000L\000i\000n\000e\000a\000r\000\040\000R\000e\000g\000r\000e\000s\000s\000i\000o\000n}{chapter*.24}% 58
\BOOKMARK [1][-]{figure.0.57}{\376\377\000M\000u\000l\000t\000i\000p\000l\000e\000\040\000i\000n\000p\000u\000t\000\040\000l\000i\000n\000e\000a\000r\000\040\000r\000e\000g\000r\000e\000s\000s\000i\000o\000n}{chapter*.24}% 59
\BOOKMARK [1][-]{figure.0.57}{\376\377\000N\000e\000u\000r\000a\000l\000\040\000n\000e\000t\000w\000o\000r\000k\000s}{chapter*.24}% 60
\BOOKMARK [1][-]{figure.0.58}{\376\377\000M\000o\000r\000e\000\040\000c\000o\000m\000p\000l\000i\000c\000a\000t\000e\000d\000\040\000l\000a\000y\000e\000r\000s}{chapter*.24}% 61
\BOOKMARK [1][-]{figure.0.58}{\376\377\000G\000r\000a\000d\000i\000e\000n\000t\000\040\000d\000e\000s\000c\000e\000n\000t}{chapter*.24}% 62
\BOOKMARK [1][-]{figure.0.59}{\376\377\000H\000y\000p\000e\000r\000p\000a\000r\000a\000m\000e\000t\000e\000r\000\040\000t\000u\000n\000i\000n\000g\000\040\000a\000n\000d\000\040\000t\000r\000a\000i\000n\000i\000n\000g\000/\000v\000a\000l\000i\000d\000a\000t\000i\000o\000n\000\040\000s\000e\000t\000s}{chapter*.24}% 63
\BOOKMARK [1][-]{figure.0.59}{\376\377\000T\000h\000e\000\040\000K\000e\000r\000a\000s\000\040\000l\000i\000b\000r\000a\000r\000y}{chapter*.24}% 64
\BOOKMARK [1][-]{lstnumber.-32.2}{\376\377\000E\000x\000a\000m\000p\000l\000e\000\040\0001\000:\000\040\000P\000r\000e\000d\000i\000c\000t\000i\000n\000g\000\040\000e\000x\000a\000m\000\040\000s\000c\000o\000r\000e\000s}{chapter*.24}% 65
\BOOKMARK [1][-]{lstnumber.-33.30}{\376\377\000E\000x\000a\000m\000p\000l\000e\000\040\0002\000:\000\040\000P\000r\000e\000d\000i\000c\000t\000i\000n\000g\000\040\000m\000e\000d\000i\000a\000n\000\040\000h\000o\000m\000e\000\040\000p\000r\000i\000c\000e\000s}{chapter*.24}% 66
\BOOKMARK [1][-]{lstnumber.-34.40}{\376\377\000E\000x\000a\000m\000p\000l\000e\000\040\0003\000:\000\040\000P\000r\000e\000d\000i\000c\000t\000i\000n\000g\000\040\000h\000a\000n\000d\000w\000r\000i\000t\000t\000e\000n\000\040\000d\000i\000g\000i\000t\000s}{chapter*.24}% 67
\BOOKMARK [1][-]{lstnumber.-35.120}{\376\377\000O\000t\000h\000e\000r\000\040\000r\000e\000s\000o\000u\000r\000c\000e\000s}{chapter*.24}% 68
\BOOKMARK [1][-]{lstnumber.-35.120}{\376\377\000P\000e\000t\000a\000l\000s\000\040\000a\000n\000d\000\040\000S\000e\000p\000a\000l\000s}{chapter*.24}% 69
\BOOKMARK [0][-]{chapter*.26}{\376\377\000A\000p\000p\000e\000n\000d\000i\000x\000\040\000A}{}% 70
\BOOKMARK [1][-]{section*.27}{\376\377\000A\000n\000a\000c\000o\000n\000d\000a\000\040\000E\000n\000v\000i\000r\000o\000n\000m\000e\000n\000t\000s}{chapter*.26}% 71
\BOOKMARK [0][-]{chapter*.28}{\376\377\000A\000p\000p\000e\000n\000d\000i\000x\000\040\000B}{}% 72
\BOOKMARK [1][-]{section*.29}{\376\377\000G\000l\000o\000s\000s\000a\000r\000y\000\040\000o\000f\000\040\000T\000e\000r\000m\000s}{chapter*.28}% 73
